<?xml version="1.0" encoding="UTF-8"?>
<testng-results ignored="0" total="2" passed="2" failed="0" skipped="0">
  <reporter-output>
  </reporter-output>
  <suite started-at="2025-12-17T03:14:06 CST" name="Suite de Inicio de Sesion" finished-at="2025-12-17T03:14:33 CST" duration-ms="26131">
    <groups>
    </groups>
    <test started-at="2025-12-17T03:14:06 CST" name="Pruebas Login" finished-at="2025-12-17T03:14:33 CST" duration-ms="26131">
      <class name="IniciarSesion_CredencialesCorrectas">
        <test-method is-config="true" signature="setUp()[pri:0, instance:IniciarSesion_CredencialesCorrectas@1d119efb]" started-at="2025-12-17T03:14:14 CST" name="setUp" finished-at="2025-12-17T03:14:23 CST" duration-ms="8943" status="PASS">
          <reporter-output>
          </reporter-output>
        </test-method> <!-- setUp -->
        <test-method signature="testCredencialesCorrectas()[pri:0, instance:IniciarSesion_CredencialesCorrectas@1d119efb]" started-at="2025-12-17T03:14:26 CST" name="testCredencialesCorrectas" finished-at="2025-12-17T03:14:32 CST" duration-ms="5073" status="PASS">
          <reporter-output>
          </reporter-output>
        </test-method> <!-- testCredencialesCorrectas -->
        <test-method is-config="true" signature="tearDown()[pri:0, instance:IniciarSesion_CredencialesCorrectas@1d119efb]" started-at="2025-12-17T03:14:32 CST" name="tearDown" finished-at="2025-12-17T03:14:33 CST" duration-ms="324" status="PASS">
          <reporter-output>
          </reporter-output>
        </test-method> <!-- tearDown -->
      </class> <!-- IniciarSesion_CredencialesCorrectas -->
      <class name="IniciarSesion_CorreoIncorrecto">
        <test-method is-config="true" signature="setUp()[pri:0, instance:IniciarSesion_CorreoIncorrecto@5223e5ee]" started-at="2025-12-17T03:14:06 CST" name="setUp" finished-at="2025-12-17T03:14:14 CST" duration-ms="7546" status="PASS">
          <reporter-output>
          </reporter-output>
        </test-method> <!-- setUp -->
        <test-method signature="testCorreoIncorrecto()[pri:0, instance:IniciarSesion_CorreoIncorrecto@5223e5ee]" started-at="2025-12-17T03:14:23 CST" name="testCorreoIncorrecto" finished-at="2025-12-17T03:14:26 CST" duration-ms="3553" status="PASS">
          <reporter-output>
          </reporter-output>
        </test-method> <!-- testCorreoIncorrecto -->
        <test-method is-config="true" signature="tearDown()[pri:0, instance:IniciarSesion_CorreoIncorrecto@5223e5ee]" started-at="2025-12-17T03:14:32 CST" name="tearDown" finished-at="2025-12-17T03:14:32 CST" duration-ms="643" status="PASS">
          <reporter-output>
          </reporter-output>
        </test-method> <!-- tearDown -->
      </class> <!-- IniciarSesion_CorreoIncorrecto -->
    </test> <!-- Pruebas Login -->
  </suite> <!-- Suite de Inicio de Sesion -->
</testng-results>
